[info ] InferredDependency.scala:20 Inferred dependencies Set(TsIdentLibrarySimple(node)) for TsIdentLibrarySimple(egg) [id => egg, phase => typescript, file => ../node_modules/egg/index.d.ts] 
[warn ] PhaseRunner.scala:68 Failed because of, [egg-logger => java.lang.RuntimeException: Type parameter not provided] [id => egg, phase => typescript] 
[error] PhaseRunner.scala:86 Failure, [egg-logger => java.lang.RuntimeException: Type parameter not provided] [id => egg, phase => typescript] 
[warn ] PhaseRunner.scala:68 Failed because of, [egg-logger => java.lang.RuntimeException: Type parameter not provided] [id => egg, phase => typescript] 
[error] PhaseRunner.scala:86 Failure, [egg-logger => java.lang.RuntimeException: Type parameter not provided] [id => egg, phase => typescript] 
[error] PhaseRunner.scala:86 Failure, [egg-logger => java.lang.RuntimeException: Type parameter not provided] [id => egg, phase => scala.js] 
[error] PhaseRunner.scala:86 Failure, [egg-logger => java.lang.RuntimeException: Type parameter not provided] [id => egg, phase => build] 
