[info ] InferredDependency.scala:20 Inferred dependencies Set(TsIdentLibrarySimple(react)) for TsIdentLibrarySimple(formik) [id => formik, phase => typescript, file => ../formik/dist/ErrorMessage.d.ts] 
[info ] InferredDependency.scala:20 Inferred dependencies Set(TsIdentLibrarySimple(react)) for TsIdentLibrarySimple(formik) [id => formik, phase => typescript, file => ../formik/dist/types.d.ts] 
[debug] PhaseRunner.scala:82 Success [id => formik, phase => typescript] 
[debug] PhaseRunner.scala:82 Success [id => formik, phase => typescript] 
[info ] InferredDependency.scala:20 Inferred dependencies Set(TsIdentLibrarySimple(react)) for TsIdentLibrarySimple(formik) [id => formik, phase => typescript, file => ../formik/dist/FastField.d.ts] 
[debug] PhaseRunner.scala:82 Success [id => formik, phase => typescript] 
[info ] InferredDependency.scala:20 Inferred dependencies Set(TsIdentLibrarySimple(react)) for TsIdentLibrarySimple(formik) [id => formik, phase => typescript, file => ../formik/dist/Field.d.ts] 
[debug] PhaseRunner.scala:82 Success [id => formik, phase => typescript] 
[info ] InferredDependency.scala:20 Inferred dependencies Set(TsIdentLibrarySimple(react)) for TsIdentLibrarySimple(formik) [id => formik, phase => typescript, file => ../formik/dist/FieldArray.d.ts] 
[debug] PhaseRunner.scala:82 Success [id => formik, phase => typescript] 
[info ] InferredDependency.scala:20 Inferred dependencies Set(TsIdentLibrarySimple(react)) for TsIdentLibrarySimple(formik) [id => formik, phase => typescript, file => ../formik/dist/Form.d.ts] 
[debug] PhaseRunner.scala:82 Success [id => formik, phase => typescript] 
[info ] InferredDependency.scala:20 Inferred dependencies Set(TsIdentLibrarySimple(react)) for TsIdentLibrarySimple(formik) [id => formik, phase => typescript, file => ../formik/dist/Formik.d.ts] 
[debug] PhaseRunner.scala:82 Success [id => formik, phase => typescript] 
[error] PhaseRunner.scala:86 Failure, [formik => InFile(/home/tso/tmp/tso-cache/npm/node_modules/formik/dist/connect.d.ts): Parse error at 3.129 ''global'' expected but ',' found] [id => formik, phase => typescript] 
[debug] PhaseRunner.scala:82 Success [id => formik, phase => typescript] 
[info ] InferredDependency.scala:20 Inferred dependencies Set(TsIdentLibrarySimple(react)) for TsIdentLibrarySimple(formik) [id => formik, phase => typescript, file => ../formik/dist/withFormik.d.ts] 
[debug] PhaseRunner.scala:82 Success [id => formik, phase => typescript] 
[warn ] PhaseRunner.scala:68 Failed because of, [formik => InFile(/home/tso/tmp/tso-cache/npm/node_modules/formik/dist/connect.d.ts): Parse error at 3.129 ''global'' expected but ',' found] [id => formik, phase => typescript] 
[error] PhaseRunner.scala:86 Failure, [formik => InFile(/home/tso/tmp/tso-cache/npm/node_modules/formik/dist/connect.d.ts): Parse error at 3.129 ''global'' expected but ',' found] [id => formik, phase => typescript] 
[warn ] PhaseRunner.scala:68 Failed because of, [formik => InFile(/home/tso/tmp/tso-cache/npm/node_modules/formik/dist/connect.d.ts): Parse error at 3.129 ''global'' expected but ',' found, tiny-warning => java.lang.IllegalArgumentException: requirement failed: /dist is not an relative path] [id => formik, phase => typescript] 
[error] PhaseRunner.scala:86 Failure, [formik => InFile(/home/tso/tmp/tso-cache/npm/node_modules/formik/dist/connect.d.ts): Parse error at 3.129 ''global'' expected but ',' found, tiny-warning => java.lang.IllegalArgumentException: requirement failed: /dist is not an relative path] [id => formik, phase => typescript] 
[error] PhaseRunner.scala:86 Failure, [formik => InFile(/home/tso/tmp/tso-cache/npm/node_modules/formik/dist/connect.d.ts): Parse error at 3.129 ''global'' expected but ',' found, tiny-warning => java.lang.IllegalArgumentException: requirement failed: /dist is not an relative path] [id => formik, phase => scala.js] 
[error] PhaseRunner.scala:86 Failure, [formik => InFile(/home/tso/tmp/tso-cache/npm/node_modules/formik/dist/connect.d.ts): Parse error at 3.129 ''global'' expected but ',' found, tiny-warning => java.lang.IllegalArgumentException: requirement failed: /dist is not an relative path] [id => formik, phase => build] 
