[error] PhaseRes.scala:76 Caught exception: requirement failed: /dist is not an relative path [id => tiny-warning, phase => typescript] java.lang.IllegalArgumentException: requirement failed: /dist is not an relative path
	at scala.Predef$.require(Predef.scala:281)
	at ammonite.ops.RelPath$.apply(Path.scala:200)
	at com.olvind.tso.importer.LibraryResolver.$anonfun$resolve$1(LibraryResolver.scala:50)
	at scala.collection.TraversableLike.$anonfun$flatMap$1(TraversableLike.scala:244)
	at scala.collection.Iterator.foreach(Iterator.scala:941)
	at scala.collection.Iterator.foreach$(Iterator.scala:941)
	at scala.collection.AbstractIterator.foreach(Iterator.scala:1429)
	at scala.collection.IterableLike.foreach(IterableLike.scala:74)
	at scala.collection.IterableLike.foreach$(IterableLike.scala:73)
	at scala.collection.AbstractIterable.foreach(Iterable.scala:56)
	at scala.collection.TraversableLike.flatMap(TraversableLike.scala:244)
	at scala.collection.TraversableLike.flatMap$(TraversableLike.scala:241)
	at scala.collection.AbstractTraversable.flatMap(Traversable.scala:108)
	at com.olvind.tso.importer.LibraryResolver.resolve(LibraryResolver.scala:50)
	at com.olvind.tso.importer.LibraryResolver.file(LibraryResolver.scala:44)
	at com.olvind.tso.importer.PathsFromTsLibSource$.$anonfun$fromFilesEntry$1(PathsFromTsLibSource.scala:63)
	at scala.collection.TraversableLike.$anonfun$flatMap$1(TraversableLike.scala:244)
	at scala.collection.Iterator.foreach(Iterator.scala:941)
	at scala.collection.Iterator.foreach$(Iterator.scala:941)
	at scala.collection.AbstractIterator.foreach(Iterator.scala:1429)
	at scala.collection.IterableLike.foreach(IterableLike.scala:74)
	at scala.collection.IterableLike.foreach$(IterableLike.scala:73)
	at scala.collection.AbstractIterable.foreach(Iterable.scala:56)
	at scala.collection.TraversableLike.flatMap(TraversableLike.scala:244)
	at scala.collection.TraversableLike.flatMap$(TraversableLike.scala:241)
	at scala.collection.AbstractTraversable.flatMap(Traversable.scala:108)
	at com.olvind.tso.importer.PathsFromTsLibSource$.fromFilesEntry(PathsFromTsLibSource.scala:63)
	at com.olvind.tso.importer.PathsFromTsLibSource$.$anonfun$apply$10(PathsFromTsLibSource.scala:23)
	at com.olvind.tso.FirstNonEmpty$.apply(FirstNonEmpty.scala:20)
	at com.olvind.tso.importer.PathsFromTsLibSource$.apply(PathsFromTsLibSource.scala:25)
	at com.olvind.tso.importer.Phase1ReadTypescript.apply(Phase1ReadTypescript.scala:127)
	at com.olvind.tso.importer.Phase1ReadTypescript.apply(Phase1ReadTypescript.scala:17)
	at com.olvind.tso.phases.PhaseRunner$.$anonfun$doNext$5(PhaseRunner.scala:76)
	at com.olvind.tso.phases.PhaseRes$.attempt(PhaseRes.scala:71)
	at com.olvind.tso.phases.PhaseRunner$.$anonfun$doNext$4(PhaseRunner.scala:76)
	at com.olvind.tso.phases.PhaseRes.flatMap(PhaseRes.scala:23)
	at com.olvind.tso.phases.PhaseRes.flatMap$(PhaseRes.scala:21)
	at com.olvind.tso.phases.PhaseRes$Ok.flatMap(PhaseRes.scala:30)
	at com.olvind.tso.phases.PhaseRunner$.$anonfun$doNext$1(PhaseRunner.scala:76)
	at com.olvind.tso.phases.PhaseRunner$.$anonfun$doNext$1$adapted(PhaseRunner.scala:47)
	at com.olvind.tso.phases.PhaseCache.$anonfun$getOrElse$1(PhaseCache.scala:40)
	at scala.Option.foreach(Option.scala:274)
	at com.olvind.tso.phases.PhaseCache.getOrElse(PhaseCache.scala:39)
	at com.olvind.tso.phases.PhaseRunner$.doNext(PhaseRunner.scala:47)
	at com.olvind.tso.phases.PhaseRunner$.go(PhaseRunner.scala:28)
	at com.olvind.tso.phases.PhaseRunner$.$anonfun$doNext$1(PhaseRunner.scala:52)
	at com.olvind.tso.phases.PhaseRunner$.$anonfun$doNext$1$adapted(PhaseRunner.scala:47)
	at com.olvind.tso.phases.PhaseCache.$anonfun$getOrElse$1(PhaseCache.scala:40)
	at scala.Option.foreach(Option.scala:274)
	at com.olvind.tso.phases.PhaseCache.getOrElse(PhaseCache.scala:39)
	at com.olvind.tso.phases.PhaseRunner$.doNext(PhaseRunner.scala:47)
	at com.olvind.tso.phases.PhaseRunner$.go(PhaseRunner.scala:28)
	at com.olvind.tso.phases.PhaseRunner$.$anonfun$doNext$1(PhaseRunner.scala:52)
	at com.olvind.tso.phases.PhaseRunner$.$anonfun$doNext$1$adapted(PhaseRunner.scala:47)
	at com.olvind.tso.phases.PhaseCache.$anonfun$getOrElse$1(PhaseCache.scala:40)
	at scala.Option.foreach(Option.scala:274)
	at com.olvind.tso.phases.PhaseCache.getOrElse(PhaseCache.scala:39)
	at com.olvind.tso.phases.PhaseRunner$.doNext(PhaseRunner.scala:47)
	at com.olvind.tso.phases.PhaseRunner$.go(PhaseRunner.scala:28)
	at com.olvind.tso.phases.PhaseRunner$.$anonfun$doNext$1(PhaseRunner.scala:52)
	at com.olvind.tso.phases.PhaseRunner$.$anonfun$doNext$1$adapted(PhaseRunner.scala:47)
	at com.olvind.tso.phases.PhaseCache.$anonfun$getOrElse$1(PhaseCache.scala:40)
	at scala.Option.foreach(Option.scala:274)
	at com.olvind.tso.phases.PhaseCache.getOrElse(PhaseCache.scala:39)
	at com.olvind.tso.phases.PhaseRunner$.doNext(PhaseRunner.scala:47)
	at com.olvind.tso.phases.PhaseRunner$.go(PhaseRunner.scala:28)
	at com.olvind.tso.importer.Main$.$anonfun$results$1(Main.scala:198)
	at scala.collection.parallel.AugmentedIterableIterator.map2combiner(RemainsIterator.scala:116)
	at scala.collection.parallel.AugmentedIterableIterator.map2combiner$(RemainsIterator.scala:113)
	at scala.collection.parallel.immutable.ParVector$ParVectorIterator.map2combiner(ParVector.scala:66)
	at scala.collection.parallel.ParIterableLike$Map.leaf(ParIterableLike.scala:1056)
	at scala.collection.parallel.Task.$anonfun$tryLeaf$1(Tasks.scala:53)
	at scala.runtime.java8.JFunction0$mcV$sp.apply(JFunction0$mcV$sp.java:23)
	at scala.util.control.Breaks$$anon$1.catchBreak(Breaks.scala:67)
	at scala.collection.parallel.Task.tryLeaf(Tasks.scala:56)
	at scala.collection.parallel.Task.tryLeaf$(Tasks.scala:50)
	at scala.collection.parallel.ParIterableLike$Map.tryLeaf(ParIterableLike.scala:1053)
	at scala.collection.parallel.AdaptiveWorkStealingTasks$WrappedTask.internal(Tasks.scala:170)
	at scala.collection.parallel.AdaptiveWorkStealingTasks$WrappedTask.internal$(Tasks.scala:157)
	at scala.collection.parallel.AdaptiveWorkStealingForkJoinTasks$WrappedTask.internal(Tasks.scala:440)
	at scala.collection.parallel.AdaptiveWorkStealingTasks$WrappedTask.compute(Tasks.scala:150)
	at scala.collection.parallel.AdaptiveWorkStealingTasks$WrappedTask.compute$(Tasks.scala:149)
	at scala.collection.parallel.AdaptiveWorkStealingForkJoinTasks$WrappedTask.compute(Tasks.scala:440)
	at java.util.concurrent.RecursiveAction.exec(RecursiveAction.java:189)
	at java.util.concurrent.ForkJoinTask.doExec(ForkJoinTask.java:289)
	at java.util.concurrent.ForkJoinPool.helpStealer(ForkJoinPool.java:1958)
	at java.util.concurrent.ForkJoinPool.awaitJoin(ForkJoinPool.java:2047)
	at java.util.concurrent.ForkJoinTask.doJoin(ForkJoinTask.java:390)
	at java.util.concurrent.ForkJoinTask.join(ForkJoinTask.java:719)
	at scala.collection.parallel.ForkJoinTasks$WrappedTask.sync(Tasks.scala:379)
	at scala.collection.parallel.ForkJoinTasks$WrappedTask.sync$(Tasks.scala:379)
	at scala.collection.parallel.AdaptiveWorkStealingForkJoinTasks$WrappedTask.sync(Tasks.scala:440)
	at scala.collection.parallel.AdaptiveWorkStealingTasks$WrappedTask.internal(Tasks.scala:174)
	at scala.collection.parallel.AdaptiveWorkStealingTasks$WrappedTask.internal$(Tasks.scala:157)
	at scala.collection.parallel.AdaptiveWorkStealingForkJoinTasks$WrappedTask.internal(Tasks.scala:440)
	at scala.collection.parallel.AdaptiveWorkStealingTasks$WrappedTask.compute(Tasks.scala:150)
	at scala.collection.parallel.AdaptiveWorkStealingTasks$WrappedTask.compute$(Tasks.scala:149)
	at scala.collection.parallel.AdaptiveWorkStealingForkJoinTasks$WrappedTask.compute(Tasks.scala:440)
	at java.util.concurrent.RecursiveAction.exec(RecursiveAction.java:189)
	at java.util.concurrent.ForkJoinTask.doExec(ForkJoinTask.java:289)
	at java.util.concurrent.ForkJoinPool$WorkQueue.runTask(ForkJoinPool.java:1056)
	at java.util.concurrent.ForkJoinPool.runWorker(ForkJoinPool.java:1692)
	at java.util.concurrent.ForkJoinWorkerThread.run(ForkJoinWorkerThread.java:157)

[error] PhaseRunner.scala:86 Failure, [tiny-warning => java.lang.IllegalArgumentException: requirement failed: /dist is not an relative path] [id => tiny-warning, phase => typescript] 
[error] PhaseRunner.scala:86 Failure, [tiny-warning => java.lang.IllegalArgumentException: requirement failed: /dist is not an relative path] [id => tiny-warning, phase => scala.js] 
[error] PhaseRunner.scala:86 Failure, [tiny-warning => java.lang.IllegalArgumentException: requirement failed: /dist is not an relative path] [id => tiny-warning, phase => build] 
[error] PhaseRunner.scala:86 Failure, [tiny-warning => java.lang.IllegalArgumentException: requirement failed: /dist is not an relative path] [id => tiny-warning, phase => publish] 
