[error] PhaseRes.scala:76 Caught exception: Error while parsing: /home/tso/tmp/tso-cache/npm/node_modules/vega-util/tsconfig.json: io.circe.ParsingFailure: expected json value got ] (line 13, column 313) [id => vega-util, phase => typescript] java.lang.RuntimeException: Error while parsing: /home/tso/tmp/tso-cache/npm/node_modules/vega-util/tsconfig.json: io.circe.ParsingFailure: expected json value got ] (line 13, column 313)
	at scala.sys.package$.error(package.scala:30)
	at com.olvind.tso.importer.Json$.apply(Json.scala:12)
	at com.olvind.tso.importer.Json$.opt(Json.scala:17)
	at com.olvind.tso.importer.Phase1ReadTypescript.apply(Phase1ReadTypescript.scala:122)
	at com.olvind.tso.importer.Phase1ReadTypescript.apply(Phase1ReadTypescript.scala:17)
	at com.olvind.tso.phases.PhaseRunner$.$anonfun$doNext$6(PhaseRunner.scala:75)
	at com.olvind.tso.phases.PhaseRes$.attempt(PhaseRes.scala:71)
	at com.olvind.tso.phases.PhaseRunner$.$anonfun$doNext$5(PhaseRunner.scala:75)
	at com.olvind.tso.phases.PhaseRes.flatMap(PhaseRes.scala:23)
	at com.olvind.tso.phases.PhaseRes.flatMap$(PhaseRes.scala:21)
	at com.olvind.tso.phases.PhaseRes$Ok.flatMap(PhaseRes.scala:30)
	at com.olvind.tso.phases.PhaseRunner$.$anonfun$doNext$1(PhaseRunner.scala:75)
	at com.olvind.tso.phases.PhaseRunner$.$anonfun$doNext$1$adapted(PhaseRunner.scala:46)
	at com.olvind.tso.phases.PhaseCache.$anonfun$getOrElse$1(PhaseCache.scala:40)
	at scala.Option.foreach(Option.scala:274)
	at com.olvind.tso.phases.PhaseCache.getOrElse(PhaseCache.scala:39)
	at com.olvind.tso.phases.PhaseRunner$.doNext(PhaseRunner.scala:46)
	at com.olvind.tso.phases.PhaseRunner$.go(PhaseRunner.scala:29)
	at com.olvind.tso.phases.PhaseRunner$.$anonfun$doNext$1(PhaseRunner.scala:51)
	at com.olvind.tso.phases.PhaseRunner$.$anonfun$doNext$1$adapted(PhaseRunner.scala:46)
	at com.olvind.tso.phases.PhaseCache.$anonfun$getOrElse$1(PhaseCache.scala:40)
	at scala.Option.foreach(Option.scala:274)
	at com.olvind.tso.phases.PhaseCache.getOrElse(PhaseCache.scala:39)
	at com.olvind.tso.phases.PhaseRunner$.doNext(PhaseRunner.scala:46)
	at com.olvind.tso.phases.PhaseRunner$.go(PhaseRunner.scala:29)
	at com.olvind.tso.phases.PhaseRunner$.$anonfun$doNext$1(PhaseRunner.scala:51)
	at com.olvind.tso.phases.PhaseRunner$.$anonfun$doNext$1$adapted(PhaseRunner.scala:46)
	at com.olvind.tso.phases.PhaseCache.$anonfun$getOrElse$1(PhaseCache.scala:40)
	at scala.Option.foreach(Option.scala:274)
	at com.olvind.tso.phases.PhaseCache.getOrElse(PhaseCache.scala:39)
	at com.olvind.tso.phases.PhaseRunner$.doNext(PhaseRunner.scala:46)
	at com.olvind.tso.phases.PhaseRunner$.go(PhaseRunner.scala:29)
	at com.olvind.tso.phases.PhaseRunner$.$anonfun$doNext$1(PhaseRunner.scala:51)
	at com.olvind.tso.phases.PhaseRunner$.$anonfun$doNext$1$adapted(PhaseRunner.scala:46)
	at com.olvind.tso.phases.PhaseCache.$anonfun$getOrElse$1(PhaseCache.scala:40)
	at scala.Option.foreach(Option.scala:274)
	at com.olvind.tso.phases.PhaseCache.getOrElse(PhaseCache.scala:39)
	at com.olvind.tso.phases.PhaseRunner$.doNext(PhaseRunner.scala:46)
	at com.olvind.tso.phases.PhaseRunner$.go(PhaseRunner.scala:29)
	at com.olvind.tso.importer.Main$.$anonfun$results$1(Main.scala:188)
	at scala.collection.parallel.AugmentedIterableIterator.map2combiner(RemainsIterator.scala:116)
	at scala.collection.parallel.AugmentedIterableIterator.map2combiner$(RemainsIterator.scala:113)
	at scala.collection.parallel.immutable.ParVector$ParVectorIterator.map2combiner(ParVector.scala:66)
	at scala.collection.parallel.ParIterableLike$Map.leaf(ParIterableLike.scala:1056)
	at scala.collection.parallel.Task.$anonfun$tryLeaf$1(Tasks.scala:53)
	at scala.runtime.java8.JFunction0$mcV$sp.apply(JFunction0$mcV$sp.java:23)
	at scala.util.control.Breaks$$anon$1.catchBreak(Breaks.scala:67)
	at scala.collection.parallel.Task.tryLeaf(Tasks.scala:56)
	at scala.collection.parallel.Task.tryLeaf$(Tasks.scala:50)
	at scala.collection.parallel.ParIterableLike$Map.tryLeaf(ParIterableLike.scala:1053)
	at scala.collection.parallel.AdaptiveWorkStealingTasks$WrappedTask.internal(Tasks.scala:160)
	at scala.collection.parallel.AdaptiveWorkStealingTasks$WrappedTask.internal$(Tasks.scala:157)
	at scala.collection.parallel.AdaptiveWorkStealingForkJoinTasks$WrappedTask.internal(Tasks.scala:440)
	at scala.collection.parallel.AdaptiveWorkStealingTasks$WrappedTask.compute(Tasks.scala:150)
	at scala.collection.parallel.AdaptiveWorkStealingTasks$WrappedTask.compute$(Tasks.scala:149)
	at scala.collection.parallel.AdaptiveWorkStealingForkJoinTasks$WrappedTask.compute(Tasks.scala:440)
	at java.util.concurrent.RecursiveAction.exec(RecursiveAction.java:189)
	at java.util.concurrent.ForkJoinTask.doExec(ForkJoinTask.java:289)
	at java.util.concurrent.ForkJoinPool$WorkQueue.runTask(ForkJoinPool.java:1056)
	at java.util.concurrent.ForkJoinPool.runWorker(ForkJoinPool.java:1692)
	at java.util.concurrent.ForkJoinWorkerThread.run(ForkJoinWorkerThread.java:157)

[debug] PhaseRunner.scala:85 Failure, [vega-util => java.lang.RuntimeException: Error while parsing: /home/tso/tmp/tso-cache/npm/node_modules/vega-util/tsconfig.json: io.circe.ParsingFailure: expected json value got ] (line 13, column 313)] [id => vega-util, phase => typescript] 
[debug] PhaseRunner.scala:85 Failure, [vega-util => java.lang.RuntimeException: Error while parsing: /home/tso/tmp/tso-cache/npm/node_modules/vega-util/tsconfig.json: io.circe.ParsingFailure: expected json value got ] (line 13, column 313)] [id => vega-util, phase => scala.js] 
[debug] PhaseRunner.scala:85 Failure, [vega-util => java.lang.RuntimeException: Error while parsing: /home/tso/tmp/tso-cache/npm/node_modules/vega-util/tsconfig.json: io.circe.ParsingFailure: expected json value got ] (line 13, column 313)] [id => vega-util, phase => build] 
[debug] PhaseRunner.scala:85 Failure, [vega-util => java.lang.RuntimeException: Error while parsing: /home/tso/tmp/tso-cache/npm/node_modules/vega-util/tsconfig.json: io.circe.ParsingFailure: expected json value got ] (line 13, column 313)] [id => vega-util, phase => publish] 
